  [1m[36mSQL (0.3ms)[0m  [1m SELECT name
 FROM sqlite_master
 WHERE type = 'table' AND NOT name = 'sqlite_sequence'
[0m
  [1m[35mSQL (0.1ms)[0m  select sqlite_version(*)
  [1m[36mSQL (1.5ms)[0m  [1mCREATE TABLE "schema_migrations" ("version" varchar(255) NOT NULL) [0m
  [1m[35mSQL (0.0ms)[0m  PRAGMA index_list("schema_migrations")
  [1m[36mSQL (1.3ms)[0m  [1mCREATE UNIQUE INDEX "unique_schema_migrations" ON "schema_migrations" ("version")[0m
  [1m[35mSQL (0.1ms)[0m   SELECT name
 FROM sqlite_master
 WHERE type = 'table' AND NOT name = 'sqlite_sequence'
  [1m[36mSQL (0.1ms)[0m  [1m SELECT name
 FROM sqlite_master
 WHERE type = 'table' AND NOT name = 'sqlite_sequence'
[0m
  [1m[35mSQL (0.1ms)[0m  SELECT "schema_migrations"."version" FROM "schema_migrations"
Migrating to CreateDiagrams (20110305203319)
  [1m[36mSQL (0.5ms)[0m  [1mCREATE TABLE "diagrams" ("id" INTEGER PRIMARY KEY AUTOINCREMENT NOT NULL, "title" varchar(255), "content" text, "cookie" varchar(255), "created_at" datetime, "updated_at" datetime) [0m
  [1m[35mSQL (0.1ms)[0m  INSERT INTO "schema_migrations" ("version") VALUES ('20110305203319')
  [1m[36mSQL (0.2ms)[0m  [1m SELECT name
 FROM sqlite_master
 WHERE type = 'table' AND NOT name = 'sqlite_sequence'
[0m
  [1m[35mSQL (0.1ms)[0m  SELECT "schema_migrations"."version" FROM "schema_migrations"
  [1m[36mSQL (0.1ms)[0m  [1m SELECT name
 FROM sqlite_master
 WHERE type = 'table' AND NOT name = 'sqlite_sequence'
[0m
  [1m[35mSQL (0.0ms)[0m  PRAGMA index_list("diagrams")


Started GET "/netswork/" for 127.0.0.1 at 2011-03-05 15:34:28 -0500

ActionController::RoutingError (No route matches "/netswork"):
  

Rendered /Users/james/.rvm/gems/ruby-1.9.2-preview3/gems/actionpack-3.0.5/lib/action_dispatch/middleware/templates/rescues/routing_error.erb within rescues/layout (1.1ms)


Started GET "/diagrams/" for 127.0.0.1 at 2011-03-05 15:34:36 -0500
  Processing by DiagramsController#index as HTML
  [1m[36mDiagram Load (0.5ms)[0m  [1mSELECT "diagrams".* FROM "diagrams"[0m
Rendered diagrams/index.html.erb within layouts/application (16.6ms)
Completed   in 103ms

ActionView::Template::Error (No expansion found for :defaults):
    3: <head>
    4:   <title>Netswork</title>
    5:   <%= stylesheet_link_tag :all %>
    6:   <%= javascript_include_tag :defaults %>
    7:   <%= csrf_meta_tag %>
    8: </head>
    9: <body>
  app/views/layouts/application.html.erb:6:in `_app_views_layouts_application_html_erb__841479361250177642_2173034880_853491689735027742'
  app/controllers/diagrams_controller.rb:7:in `index'

Rendered /Users/james/.rvm/gems/ruby-1.9.2-preview3/gems/actionpack-3.0.5/lib/action_dispatch/middleware/templates/rescues/_trace.erb (1.5ms)
Rendered /Users/james/.rvm/gems/ruby-1.9.2-preview3/gems/actionpack-3.0.5/lib/action_dispatch/middleware/templates/rescues/_request_and_response.erb (2.6ms)
Rendered /Users/james/.rvm/gems/ruby-1.9.2-preview3/gems/actionpack-3.0.5/lib/action_dispatch/middleware/templates/rescues/template_error.erb within rescues/layout (11.3ms)


Started GET "/diagrams/" for 127.0.0.1 at 2011-03-05 15:36:14 -0500
  Processing by DiagramsController#index as HTML
  [1m[35mDiagram Load (0.4ms)[0m  SELECT "diagrams".* FROM "diagrams"
Rendered diagrams/index.html.erb within layouts/application (2.0ms)
Completed   in 15ms

ActionView::Template::Error (No expansion found for :defaults):
    3: <head>
    4:   <title>Netswork</title>
    5:   <%= stylesheet_link_tag :all %>
    6:   <%= javascript_include_tag :defaults %>
    7:   <%= csrf_meta_tag %>
    8: </head>
    9: <body>
  app/views/layouts/application.html.erb:6:in `_app_views_layouts_application_html_erb__841479361250177642_2160368820_853491689735027742'
  app/controllers/diagrams_controller.rb:7:in `index'

Rendered /Users/james/.rvm/gems/ruby-1.9.2-preview3/gems/actionpack-3.0.5/lib/action_dispatch/middleware/templates/rescues/_trace.erb (1.3ms)
Rendered /Users/james/.rvm/gems/ruby-1.9.2-preview3/gems/actionpack-3.0.5/lib/action_dispatch/middleware/templates/rescues/_request_and_response.erb (2.7ms)
Rendered /Users/james/.rvm/gems/ruby-1.9.2-preview3/gems/actionpack-3.0.5/lib/action_dispatch/middleware/templates/rescues/template_error.erb within rescues/layout (10.0ms)


Started GET "/diagrams/" for 127.0.0.1 at 2011-03-05 15:36:15 -0500
  Processing by DiagramsController#index as HTML
  [1m[36mDiagram Load (0.4ms)[0m  [1mSELECT "diagrams".* FROM "diagrams"[0m
Rendered diagrams/index.html.erb within layouts/application (2.2ms)
Completed   in 17ms

ActionView::Template::Error (No expansion found for :defaults):
    3: <head>
    4:   <title>Netswork</title>
    5:   <%= stylesheet_link_tag :all %>
    6:   <%= javascript_include_tag :defaults %>
    7:   <%= csrf_meta_tag %>
    8: </head>
    9: <body>
  app/views/layouts/application.html.erb:6:in `_app_views_layouts_application_html_erb__841479361250177642_2173419960_853491689735027742'
  app/controllers/diagrams_controller.rb:7:in `index'

Rendered /Users/james/.rvm/gems/ruby-1.9.2-preview3/gems/actionpack-3.0.5/lib/action_dispatch/middleware/templates/rescues/_trace.erb (1.5ms)
Rendered /Users/james/.rvm/gems/ruby-1.9.2-preview3/gems/actionpack-3.0.5/lib/action_dispatch/middleware/templates/rescues/_request_and_response.erb (2.8ms)
Rendered /Users/james/.rvm/gems/ruby-1.9.2-preview3/gems/actionpack-3.0.5/lib/action_dispatch/middleware/templates/rescues/template_error.erb within rescues/layout (10.8ms)


Started GET "/diagrams/" for 127.0.0.1 at 2011-03-05 15:36:37 -0500
  Processing by DiagramsController#index as HTML
  [1m[36mDiagram Load (0.5ms)[0m  [1mSELECT "diagrams".* FROM "diagrams"[0m
Rendered diagrams/index.html.erb within layouts/application (2.5ms)
Completed 200 OK in 88ms (Views: 8.3ms | ActiveRecord: 0.5ms)


Started GET "/javascripts/jquery.js" for 127.0.0.1 at 2011-03-05 15:36:38 -0500

ActionController::RoutingError (No route matches "/javascripts/jquery.js"):
  

Rendered /Users/james/.rvm/gems/ruby-1.9.2-preview3/gems/actionpack-3.0.5/lib/action_dispatch/middleware/templates/rescues/routing_error.erb within rescues/layout (1.1ms)


Started GET "/javascripts/rails.js" for 127.0.0.1 at 2011-03-05 15:36:38 -0500

ActionController::RoutingError (No route matches "/javascripts/rails.js"):
  

Rendered /Users/james/.rvm/gems/ruby-1.9.2-preview3/gems/actionpack-3.0.5/lib/action_dispatch/middleware/templates/rescues/routing_error.erb within rescues/layout (1.0ms)


Started GET "/javascript/joint/raphael-min.js" for 127.0.0.1 at 2011-03-05 15:39:00 -0500

ActionController::RoutingError (No route matches "/javascript/joint/raphael-min.js"):
  

Rendered /Users/james/.rvm/gems/ruby-1.9.2-preview3/gems/actionpack-3.0.5/lib/action_dispatch/middleware/templates/rescues/routing_error.erb within rescues/layout (1.0ms)


Started GET "/javascript/joint/joint.js" for 127.0.0.1 at 2011-03-05 15:39:00 -0500

ActionController::RoutingError (No route matches "/javascript/joint/joint.js"):
  

Rendered /Users/james/.rvm/gems/ruby-1.9.2-preview3/gems/actionpack-3.0.5/lib/action_dispatch/middleware/templates/rescues/routing_error.erb within rescues/layout (1.1ms)


Started GET "/javascript/joint/joint.dia.js" for 127.0.0.1 at 2011-03-05 15:39:00 -0500

ActionController::RoutingError (No route matches "/javascript/joint/joint.dia.js"):
  

Rendered /Users/james/.rvm/gems/ruby-1.9.2-preview3/gems/actionpack-3.0.5/lib/action_dispatch/middleware/templates/rescues/routing_error.erb within rescues/layout (1.2ms)


Started GET "/javascript/joint/joint.dia.fsa.js" for 127.0.0.1 at 2011-03-05 15:39:00 -0500

ActionController::RoutingError (No route matches "/javascript/joint/joint.dia.fsa.js"):
  

Rendered /Users/james/.rvm/gems/ruby-1.9.2-preview3/gems/actionpack-3.0.5/lib/action_dispatch/middleware/templates/rescues/routing_error.erb within rescues/layout (1.1ms)


Started GET "/javascript/joint/joint.dia.serializer.js" for 127.0.0.1 at 2011-03-05 15:39:00 -0500

ActionController::RoutingError (No route matches "/javascript/joint/joint.dia.serializer.js"):
  

Rendered /Users/james/.rvm/gems/ruby-1.9.2-preview3/gems/actionpack-3.0.5/lib/action_dispatch/middleware/templates/rescues/routing_error.erb within rescues/layout (1.0ms)


Started GET "/javascript/joint/joint.arrows.js" for 127.0.0.1 at 2011-03-05 15:39:00 -0500

ActionController::RoutingError (No route matches "/javascript/joint/joint.arrows.js"):
  

Rendered /Users/james/.rvm/gems/ruby-1.9.2-preview3/gems/actionpack-3.0.5/lib/action_dispatch/middleware/templates/rescues/routing_error.erb within rescues/layout (1.0ms)


Started GET "/javascript/jquery/jquery-min.js" for 127.0.0.1 at 2011-03-05 15:39:00 -0500

ActionController::RoutingError (No route matches "/javascript/jquery/jquery-min.js"):
  

Rendered /Users/james/.rvm/gems/ruby-1.9.2-preview3/gems/actionpack-3.0.5/lib/action_dispatch/middleware/templates/rescues/routing_error.erb within rescues/layout (1.1ms)


Started GET "/javascript/jquery/jquery-ui-min.js" for 127.0.0.1 at 2011-03-05 15:39:01 -0500

ActionController::RoutingError (No route matches "/javascript/jquery/jquery-ui-min.js"):
  

Rendered /Users/james/.rvm/gems/ruby-1.9.2-preview3/gems/actionpack-3.0.5/lib/action_dispatch/middleware/templates/rescues/routing_error.erb within rescues/layout (1.0ms)


Started GET "/javascript/netswork.dia.network.js" for 127.0.0.1 at 2011-03-05 15:39:01 -0500

ActionController::RoutingError (No route matches "/javascript/netswork.dia.network.js"):
  

Rendered /Users/james/.rvm/gems/ruby-1.9.2-preview3/gems/actionpack-3.0.5/lib/action_dispatch/middleware/templates/rescues/routing_error.erb within rescues/layout (1.1ms)


Started GET "/javascript/main.js" for 127.0.0.1 at 2011-03-05 15:39:01 -0500

ActionController::RoutingError (No route matches "/javascript/main.js"):
  

Rendered /Users/james/.rvm/gems/ruby-1.9.2-preview3/gems/actionpack-3.0.5/lib/action_dispatch/middleware/templates/rescues/routing_error.erb within rescues/layout (1.1ms)


Started GET "/javascript/app.js" for 127.0.0.1 at 2011-03-05 15:39:01 -0500

ActionController::RoutingError (No route matches "/javascript/app.js"):
  

Rendered /Users/james/.rvm/gems/ruby-1.9.2-preview3/gems/actionpack-3.0.5/lib/action_dispatch/middleware/templates/rescues/routing_error.erb within rescues/layout (1.4ms)


Started GET "/css/main.css" for 127.0.0.1 at 2011-03-05 15:39:01 -0500

ActionController::RoutingError (No route matches "/css/main.css"):
  

Rendered /Users/james/.rvm/gems/ruby-1.9.2-preview3/gems/actionpack-3.0.5/lib/action_dispatch/middleware/templates/rescues/routing_error.erb within rescues/layout (1.0ms)


Started GET "/javascript/joint/raphael-min.js" for 127.0.0.1 at 2011-03-05 15:39:01 -0500

ActionController::RoutingError (No route matches "/javascript/joint/raphael-min.js"):
  

Rendered /Users/james/.rvm/gems/ruby-1.9.2-preview3/gems/actionpack-3.0.5/lib/action_dispatch/middleware/templates/rescues/routing_error.erb within rescues/layout (1.0ms)


Started GET "/javascript/joint/joint.js" for 127.0.0.1 at 2011-03-05 15:39:01 -0500

ActionController::RoutingError (No route matches "/javascript/joint/joint.js"):
  

Rendered /Users/james/.rvm/gems/ruby-1.9.2-preview3/gems/actionpack-3.0.5/lib/action_dispatch/middleware/templates/rescues/routing_error.erb within rescues/layout (1.1ms)


Started GET "/javascript/joint/joint.dia.js" for 127.0.0.1 at 2011-03-05 15:39:01 -0500

ActionController::RoutingError (No route matches "/javascript/joint/joint.dia.js"):
  

Rendered /Users/james/.rvm/gems/ruby-1.9.2-preview3/gems/actionpack-3.0.5/lib/action_dispatch/middleware/templates/rescues/routing_error.erb within rescues/layout (1.0ms)


Started GET "/javascript/joint/joint.dia.fsa.js" for 127.0.0.1 at 2011-03-05 15:39:01 -0500

ActionController::RoutingError (No route matches "/javascript/joint/joint.dia.fsa.js"):
  

Rendered /Users/james/.rvm/gems/ruby-1.9.2-preview3/gems/actionpack-3.0.5/lib/action_dispatch/middleware/templates/rescues/routing_error.erb within rescues/layout (1.0ms)


Started GET "/javascript/joint/joint.dia.serializer.js" for 127.0.0.1 at 2011-03-05 15:39:01 -0500

ActionController::RoutingError (No route matches "/javascript/joint/joint.dia.serializer.js"):
  

Rendered /Users/james/.rvm/gems/ruby-1.9.2-preview3/gems/actionpack-3.0.5/lib/action_dispatch/middleware/templates/rescues/routing_error.erb within rescues/layout (1.0ms)


Started GET "/javascript/joint/joint.arrows.js" for 127.0.0.1 at 2011-03-05 15:39:01 -0500

ActionController::RoutingError (No route matches "/javascript/joint/joint.arrows.js"):
  

Rendered /Users/james/.rvm/gems/ruby-1.9.2-preview3/gems/actionpack-3.0.5/lib/action_dispatch/middleware/templates/rescues/routing_error.erb within rescues/layout (1.1ms)


Started GET "/javascript/jquery/jquery-min.js" for 127.0.0.1 at 2011-03-05 15:39:01 -0500

ActionController::RoutingError (No route matches "/javascript/jquery/jquery-min.js"):
  

Rendered /Users/james/.rvm/gems/ruby-1.9.2-preview3/gems/actionpack-3.0.5/lib/action_dispatch/middleware/templates/rescues/routing_error.erb within rescues/layout (1.0ms)


Started GET "/javascript/jquery/jquery-ui-min.js" for 127.0.0.1 at 2011-03-05 15:39:01 -0500

ActionController::RoutingError (No route matches "/javascript/jquery/jquery-ui-min.js"):
  

Rendered /Users/james/.rvm/gems/ruby-1.9.2-preview3/gems/actionpack-3.0.5/lib/action_dispatch/middleware/templates/rescues/routing_error.erb within rescues/layout (1.0ms)


Started GET "/javascript/main.js" for 127.0.0.1 at 2011-03-05 15:39:01 -0500

ActionController::RoutingError (No route matches "/javascript/main.js"):
  

Rendered /Users/james/.rvm/gems/ruby-1.9.2-preview3/gems/actionpack-3.0.5/lib/action_dispatch/middleware/templates/rescues/routing_error.erb within rescues/layout (1.0ms)


Started GET "/javascript/netswork.dia.network.js" for 127.0.0.1 at 2011-03-05 15:39:02 -0500

ActionController::RoutingError (No route matches "/javascript/netswork.dia.network.js"):
  

Rendered /Users/james/.rvm/gems/ruby-1.9.2-preview3/gems/actionpack-3.0.5/lib/action_dispatch/middleware/templates/rescues/routing_error.erb within rescues/layout (1.0ms)


Started GET "/javascript/app.js" for 127.0.0.1 at 2011-03-05 15:39:02 -0500

ActionController::RoutingError (No route matches "/javascript/app.js"):
  

Rendered /Users/james/.rvm/gems/ruby-1.9.2-preview3/gems/actionpack-3.0.5/lib/action_dispatch/middleware/templates/rescues/routing_error.erb within rescues/layout (1.0ms)


Started GET "/css/main.css" for 127.0.0.1 at 2011-03-05 15:39:02 -0500

ActionController::RoutingError (No route matches "/css/main.css"):
  

Rendered /Users/james/.rvm/gems/ruby-1.9.2-preview3/gems/actionpack-3.0.5/lib/action_dispatch/middleware/templates/rescues/routing_error.erb within rescues/layout (1.1ms)


Started GET "/Diagrams" for 127.0.0.1 at 2011-03-05 17:03:08 -0500

ActionController::RoutingError (No route matches "/Diagrams"):
  

Rendered /Users/james/.rvm/gems/ruby-1.9.2-preview3/gems/actionpack-3.0.5/lib/action_dispatch/middleware/templates/rescues/routing_error.erb within rescues/layout (1.7ms)


Started GET "/diagrams" for 127.0.0.1 at 2011-03-05 17:03:20 -0500
  Processing by DiagramsController#index as HTML
  [1m[35mDiagram Load (0.4ms)[0m  SELECT "diagrams".* FROM "diagrams"
Rendered diagrams/index.html.erb within layouts/application (2.5ms)
Completed 200 OK in 185ms (Views: 177.4ms | ActiveRecord: 0.4ms)


Started GET "/javascripts/rails.js" for 127.0.0.1 at 2011-03-05 17:03:20 -0500

ActionController::RoutingError (No route matches "/javascripts/rails.js"):
  

Rendered /Users/james/.rvm/gems/ruby-1.9.2-preview3/gems/actionpack-3.0.5/lib/action_dispatch/middleware/templates/rescues/routing_error.erb within rescues/layout (1.1ms)


Started GET "/javascripts/rails.js" for 127.0.0.1 at 2011-03-05 17:03:20 -0500

ActionController::RoutingError (No route matches "/javascripts/rails.js"):
  

Rendered /Users/james/.rvm/gems/ruby-1.9.2-preview3/gems/actionpack-3.0.5/lib/action_dispatch/middleware/templates/rescues/routing_error.erb within rescues/layout (1.0ms)


Started GET "/diagrams" for 127.0.0.1 at 2011-03-05 17:06:52 -0500
  Processing by DiagramsController#index as HTML
Completed 401 Unauthorized in 3ms


Started GET "/diagrams" for 127.0.0.1 at 2011-03-05 17:06:56 -0500
  Processing by DiagramsController#index as HTML
  [1m[36mDiagram Load (0.4ms)[0m  [1mSELECT "diagrams".* FROM "diagrams"[0m
Rendered diagrams/index.html.erb within layouts/application (2.6ms)
Completed 200 OK in 19ms (Views: 8.6ms | ActiveRecord: 0.4ms)


Started GET "/javascripts/rails.js" for 127.0.0.1 at 2011-03-05 17:06:57 -0500

ActionController::RoutingError (No route matches "/javascripts/rails.js"):
  

Rendered /Users/james/.rvm/gems/ruby-1.9.2-preview3/gems/actionpack-3.0.5/lib/action_dispatch/middleware/templates/rescues/routing_error.erb within rescues/layout (1.1ms)


Started GET "/javascripts/rails.js" for 127.0.0.1 at 2011-03-05 17:06:57 -0500

ActionController::RoutingError (No route matches "/javascripts/rails.js"):
  

Rendered /Users/james/.rvm/gems/ruby-1.9.2-preview3/gems/actionpack-3.0.5/lib/action_dispatch/middleware/templates/rescues/routing_error.erb within rescues/layout (1.1ms)
